\BOOKMARK [1][-]{section.1}{Equivalence}{}
\BOOKMARK [1][-]{section.2}{Negation}{}
\BOOKMARK [1][-]{section.3}{Disjunction}{}
\BOOKMARK [1][-]{section.4}{Conjunction}{}
\BOOKMARK [1][-]{section.5}{Implication}{}
\BOOKMARK [1][-]{section.6}{Substitution \(Leibniz as an axiom\)}{}
\BOOKMARK [1][-]{section.7}{Quantification}{}
\BOOKMARK [2][-]{subsection.7.1}{General laws of quantification}{section.7}
\BOOKMARK [2][-]{subsection.7.2}{Universal Quantification}{section.7}
\BOOKMARK [2][-]{subsection.7.3}{Existential Quantification}{section.7}
\BOOKMARK [1][-]{section.8}{Sets}{}
\BOOKMARK [2][-]{subsection.8.1}{General set theorems}{section.8}
\BOOKMARK [2][-]{subsection.8.2}{Operations on sets}{section.8}
\BOOKMARK [2][-]{subsection.8.3}{Basic properties of union}{section.8}
\BOOKMARK [2][-]{subsection.8.4}{Basic properties of intersection}{section.8}
\BOOKMARK [2][-]{subsection.8.5}{Properties of combinations of union and intersection}{section.8}
\BOOKMARK [2][-]{subsection.8.6}{Properties of set difference}{section.8}
\BOOKMARK [2][-]{subsection.8.7}{Implication versus subset}{section.8}
\BOOKMARK [2][-]{subsection.8.8}{Subsets}{section.8}
\BOOKMARK [2][-]{subsection.8.9}{Powersets}{section.8}
